CRITICAL - 2025-09-19 21:32:59 --> ErrorException: Undefined variable $publishers
[Method: GET, Route: /]
in APPPATH\Views\superheroes_view.php on line 19.
 1 APPPATH\Views\superheroes_view.php(19): CodeIgniter\Debug\Exceptions->errorHandler(2, 'Undefined variable $publishers', 'C:\\laragon\\www\\FiltrosHeroes\\app\\Views\\superheroes_view.php', 19)
 2 SYSTEMPATH\View\View.php(226): include('C:\\laragon\\www\\FiltrosHeroes\\app\\Views\\superheroes_view.php')
 3 SYSTEMPATH\View\View.php(229): CodeIgniter\View\View->CodeIgniter\View\{closure}()
 4 SYSTEMPATH\Common.php(1167): CodeIgniter\View\View->render('superheroes_view', [], true)
 5 APPPATH\Controllers\Home.php(9): view('superheroes_view')
 6 SYSTEMPATH\CodeIgniter.php(933): App\Controllers\Home->index()
 7 SYSTEMPATH\CodeIgniter.php(507): CodeIgniter\CodeIgniter->runController(Object(App\Controllers\Home))
 8 SYSTEMPATH\CodeIgniter.php(354): CodeIgniter\CodeIgniter->handleRequest(null, Object(Config\Cache), false)
 9 SYSTEMPATH\Boot.php(363): CodeIgniter\CodeIgniter->run()
10 SYSTEMPATH\Boot.php(68): CodeIgniter\Boot::runCodeIgniter(Object(CodeIgniter\CodeIgniter))
11 FCPATH\index.php(59): CodeIgniter\Boot::bootWeb(Object(Config\Paths))
ERROR - 2025-09-19 21:43:28 --> Error connecting to the database: mysqli_sql_exception: Access denied for user 'root'@'localhost' (using password: YES) in C:\laragon\www\FiltrosHeroes\system\Database\MySQLi\Connection.php:201
Stack trace:
#0 C:\laragon\www\FiltrosHeroes\system\Database\MySQLi\Connection.php(201): mysqli->real_connect('localhost', 'root', Object(SensitiveParameterValue), 'superhero', 3306, '', 0)
#1 C:\laragon\www\FiltrosHeroes\system\Database\BaseConnection.php(419): CodeIgniter\Database\MySQLi\Connection->connect(false)
#2 C:\laragon\www\FiltrosHeroes\system\Database\BaseConnection.php(614): CodeIgniter\Database\BaseConnection->initialize()
#3 C:\laragon\www\FiltrosHeroes\app\Controllers\SuperheroController.php(19): CodeIgniter\Database\BaseConnection->query('SELECT id, IFNU...')
#4 C:\laragon\www\FiltrosHeroes\system\CodeIgniter.php(933): App\Controllers\SuperheroController->index()
#5 C:\laragon\www\FiltrosHeroes\system\CodeIgniter.php(507): CodeIgniter\CodeIgniter->runController(Object(App\Controllers\SuperheroController))
#6 C:\laragon\www\FiltrosHeroes\system\CodeIgniter.php(354): CodeIgniter\CodeIgniter->handleRequest(NULL, Object(Config\Cache), false)
#7 C:\laragon\www\FiltrosHeroes\system\Boot.php(363): CodeIgniter\CodeIgniter->run()
#8 C:\laragon\www\FiltrosHeroes\system\Boot.php(68): CodeIgniter\Boot::runCodeIgniter(Object(CodeIgniter\CodeIgniter))
#9 C:\laragon\www\FiltrosHeroes\public\index.php(59): CodeIgniter\Boot::bootWeb(Object(Config\Paths))
#10 {main}

Next CodeIgniter\Database\Exceptions\DatabaseException: Access denied for user '****'@'localhost' (using password: YES) in C:\laragon\www\FiltrosHeroes\system\Database\MySQLi\Connection.php:246
Stack trace:
#0 C:\laragon\www\FiltrosHeroes\system\Database\BaseConnection.php(419): CodeIgniter\Database\MySQLi\Connection->connect(false)
#1 C:\laragon\www\FiltrosHeroes\system\Database\BaseConnection.php(614): CodeIgniter\Database\BaseConnection->initialize()
#2 C:\laragon\www\FiltrosHeroes\app\Controllers\SuperheroController.php(19): CodeIgniter\Database\BaseConnection->query('SELECT id, IFNU...')
#3 C:\laragon\www\FiltrosHeroes\system\CodeIgniter.php(933): App\Controllers\SuperheroController->index()
#4 C:\laragon\www\FiltrosHeroes\system\CodeIgniter.php(507): CodeIgniter\CodeIgniter->runController(Object(App\Controllers\SuperheroController))
#5 C:\laragon\www\FiltrosHeroes\system\CodeIgniter.php(354): CodeIgniter\CodeIgniter->handleRequest(NULL, Object(Config\Cache), false)
#6 C:\laragon\www\FiltrosHeroes\system\Boot.php(363): CodeIgniter\CodeIgniter->run()
#7 C:\laragon\www\FiltrosHeroes\system\Boot.php(68): CodeIgniter\Boot::runCodeIgniter(Object(CodeIgniter\CodeIgniter))
#8 C:\laragon\www\FiltrosHeroes\public\index.php(59): CodeIgniter\Boot::bootWeb(Object(Config\Paths))
#9 {main}
CRITICAL - 2025-09-19 21:43:28 --> CodeIgniter\Database\Exceptions\DatabaseException: Unable to connect to the database.
Main connection [MySQLi]: Access denied for user '****'@'localhost' (using password: YES)
[Method: GET, Route: /]
in SYSTEMPATH\Database\BaseConnection.php on line 465.
 1 SYSTEMPATH\Database\BaseConnection.php(614): CodeIgniter\Database\BaseConnection->initialize()
 2 APPPATH\Controllers\SuperheroController.php(19): CodeIgniter\Database\BaseConnection->query('SELECT id, IFNULL(publisher_name, \'\') AS publisher_name FROM publisher')
 3 SYSTEMPATH\CodeIgniter.php(933): App\Controllers\SuperheroController->index()
 4 SYSTEMPATH\CodeIgniter.php(507): CodeIgniter\CodeIgniter->runController(Object(App\Controllers\SuperheroController))
 5 SYSTEMPATH\CodeIgniter.php(354): CodeIgniter\CodeIgniter->handleRequest(null, Object(Config\Cache), false)
 6 SYSTEMPATH\Boot.php(363): CodeIgniter\CodeIgniter->run()
 7 SYSTEMPATH\Boot.php(68): CodeIgniter\Boot::runCodeIgniter(Object(CodeIgniter\CodeIgniter))
 8 FCPATH\index.php(59): CodeIgniter\Boot::bootWeb(Object(Config\Paths))
ERROR - 2025-09-19 22:25:44 --> Error connecting to the database: mysqli_sql_exception: Unknown database 'superhero' in C:\laragon\www\FiltrosHeroes\system\Database\MySQLi\Connection.php:201
Stack trace:
#0 C:\laragon\www\FiltrosHeroes\system\Database\MySQLi\Connection.php(201): mysqli->real_connect('localhost', 'root', Object(SensitiveParameterValue), 'superhero', 3306, '', 0)
#1 C:\laragon\www\FiltrosHeroes\system\Database\BaseConnection.php(419): CodeIgniter\Database\MySQLi\Connection->connect(false)
#2 C:\laragon\www\FiltrosHeroes\system\Database\BaseConnection.php(614): CodeIgniter\Database\BaseConnection->initialize()
#3 C:\laragon\www\FiltrosHeroes\app\Controllers\SuperheroController.php(19): CodeIgniter\Database\BaseConnection->query('SELECT id, IFNU...')
#4 C:\laragon\www\FiltrosHeroes\system\CodeIgniter.php(933): App\Controllers\SuperheroController->index()
#5 C:\laragon\www\FiltrosHeroes\system\CodeIgniter.php(507): CodeIgniter\CodeIgniter->runController(Object(App\Controllers\SuperheroController))
#6 C:\laragon\www\FiltrosHeroes\system\CodeIgniter.php(354): CodeIgniter\CodeIgniter->handleRequest(NULL, Object(Config\Cache), false)
#7 C:\laragon\www\FiltrosHeroes\system\Boot.php(363): CodeIgniter\CodeIgniter->run()
#8 C:\laragon\www\FiltrosHeroes\system\Boot.php(68): CodeIgniter\Boot::runCodeIgniter(Object(CodeIgniter\CodeIgniter))
#9 C:\laragon\www\FiltrosHeroes\public\index.php(59): CodeIgniter\Boot::bootWeb(Object(Config\Paths))
#10 {main}

Next CodeIgniter\Database\Exceptions\DatabaseException: Unknown database 'superhero' in C:\laragon\www\FiltrosHeroes\system\Database\MySQLi\Connection.php:246
Stack trace:
#0 C:\laragon\www\FiltrosHeroes\system\Database\BaseConnection.php(419): CodeIgniter\Database\MySQLi\Connection->connect(false)
#1 C:\laragon\www\FiltrosHeroes\system\Database\BaseConnection.php(614): CodeIgniter\Database\BaseConnection->initialize()
#2 C:\laragon\www\FiltrosHeroes\app\Controllers\SuperheroController.php(19): CodeIgniter\Database\BaseConnection->query('SELECT id, IFNU...')
#3 C:\laragon\www\FiltrosHeroes\system\CodeIgniter.php(933): App\Controllers\SuperheroController->index()
#4 C:\laragon\www\FiltrosHeroes\system\CodeIgniter.php(507): CodeIgniter\CodeIgniter->runController(Object(App\Controllers\SuperheroController))
#5 C:\laragon\www\FiltrosHeroes\system\CodeIgniter.php(354): CodeIgniter\CodeIgniter->handleRequest(NULL, Object(Config\Cache), false)
#6 C:\laragon\www\FiltrosHeroes\system\Boot.php(363): CodeIgniter\CodeIgniter->run()
#7 C:\laragon\www\FiltrosHeroes\system\Boot.php(68): CodeIgniter\Boot::runCodeIgniter(Object(CodeIgniter\CodeIgniter))
#8 C:\laragon\www\FiltrosHeroes\public\index.php(59): CodeIgniter\Boot::bootWeb(Object(Config\Paths))
#9 {main}
CRITICAL - 2025-09-19 22:25:44 --> CodeIgniter\Database\Exceptions\DatabaseException: Unable to connect to the database.
Main connection [MySQLi]: Unknown database 'superhero'
[Method: GET, Route: /]
in SYSTEMPATH\Database\BaseConnection.php on line 465.
 1 SYSTEMPATH\Database\BaseConnection.php(614): CodeIgniter\Database\BaseConnection->initialize()
 2 APPPATH\Controllers\SuperheroController.php(19): CodeIgniter\Database\BaseConnection->query('SELECT id, IFNULL(publisher_name, \'\') AS publisher_name FROM publisher')
 3 SYSTEMPATH\CodeIgniter.php(933): App\Controllers\SuperheroController->index()
 4 SYSTEMPATH\CodeIgniter.php(507): CodeIgniter\CodeIgniter->runController(Object(App\Controllers\SuperheroController))
 5 SYSTEMPATH\CodeIgniter.php(354): CodeIgniter\CodeIgniter->handleRequest(null, Object(Config\Cache), false)
 6 SYSTEMPATH\Boot.php(363): CodeIgniter\CodeIgniter->run()
 7 SYSTEMPATH\Boot.php(68): CodeIgniter\Boot::runCodeIgniter(Object(CodeIgniter\CodeIgniter))
 8 FCPATH\index.php(59): CodeIgniter\Boot::bootWeb(Object(Config\Paths))
ERROR - 2025-09-19 22:25:47 --> Error connecting to the database: mysqli_sql_exception: Unknown database 'superhero' in C:\laragon\www\FiltrosHeroes\system\Database\MySQLi\Connection.php:201
Stack trace:
#0 C:\laragon\www\FiltrosHeroes\system\Database\MySQLi\Connection.php(201): mysqli->real_connect('localhost', 'root', Object(SensitiveParameterValue), 'superhero', 3306, '', 0)
#1 C:\laragon\www\FiltrosHeroes\system\Database\BaseConnection.php(419): CodeIgniter\Database\MySQLi\Connection->connect(false)
#2 C:\laragon\www\FiltrosHeroes\system\Database\BaseConnection.php(614): CodeIgniter\Database\BaseConnection->initialize()
#3 C:\laragon\www\FiltrosHeroes\app\Controllers\SuperheroController.php(19): CodeIgniter\Database\BaseConnection->query('SELECT id, IFNU...')
#4 C:\laragon\www\FiltrosHeroes\system\CodeIgniter.php(933): App\Controllers\SuperheroController->index()
#5 C:\laragon\www\FiltrosHeroes\system\CodeIgniter.php(507): CodeIgniter\CodeIgniter->runController(Object(App\Controllers\SuperheroController))
#6 C:\laragon\www\FiltrosHeroes\system\CodeIgniter.php(354): CodeIgniter\CodeIgniter->handleRequest(NULL, Object(Config\Cache), false)
#7 C:\laragon\www\FiltrosHeroes\system\Boot.php(363): CodeIgniter\CodeIgniter->run()
#8 C:\laragon\www\FiltrosHeroes\system\Boot.php(68): CodeIgniter\Boot::runCodeIgniter(Object(CodeIgniter\CodeIgniter))
#9 C:\laragon\www\FiltrosHeroes\public\index.php(59): CodeIgniter\Boot::bootWeb(Object(Config\Paths))
#10 {main}

Next CodeIgniter\Database\Exceptions\DatabaseException: Unknown database 'superhero' in C:\laragon\www\FiltrosHeroes\system\Database\MySQLi\Connection.php:246
Stack trace:
#0 C:\laragon\www\FiltrosHeroes\system\Database\BaseConnection.php(419): CodeIgniter\Database\MySQLi\Connection->connect(false)
#1 C:\laragon\www\FiltrosHeroes\system\Database\BaseConnection.php(614): CodeIgniter\Database\BaseConnection->initialize()
#2 C:\laragon\www\FiltrosHeroes\app\Controllers\SuperheroController.php(19): CodeIgniter\Database\BaseConnection->query('SELECT id, IFNU...')
#3 C:\laragon\www\FiltrosHeroes\system\CodeIgniter.php(933): App\Controllers\SuperheroController->index()
#4 C:\laragon\www\FiltrosHeroes\system\CodeIgniter.php(507): CodeIgniter\CodeIgniter->runController(Object(App\Controllers\SuperheroController))
#5 C:\laragon\www\FiltrosHeroes\system\CodeIgniter.php(354): CodeIgniter\CodeIgniter->handleRequest(NULL, Object(Config\Cache), false)
#6 C:\laragon\www\FiltrosHeroes\system\Boot.php(363): CodeIgniter\CodeIgniter->run()
#7 C:\laragon\www\FiltrosHeroes\system\Boot.php(68): CodeIgniter\Boot::runCodeIgniter(Object(CodeIgniter\CodeIgniter))
#8 C:\laragon\www\FiltrosHeroes\public\index.php(59): CodeIgniter\Boot::bootWeb(Object(Config\Paths))
#9 {main}
CRITICAL - 2025-09-19 22:25:47 --> CodeIgniter\Database\Exceptions\DatabaseException: Unable to connect to the database.
Main connection [MySQLi]: Unknown database 'superhero'
[Method: GET, Route: /]
in SYSTEMPATH\Database\BaseConnection.php on line 465.
 1 SYSTEMPATH\Database\BaseConnection.php(614): CodeIgniter\Database\BaseConnection->initialize()
 2 APPPATH\Controllers\SuperheroController.php(19): CodeIgniter\Database\BaseConnection->query('SELECT id, IFNULL(publisher_name, \'\') AS publisher_name FROM publisher')
 3 SYSTEMPATH\CodeIgniter.php(933): App\Controllers\SuperheroController->index()
 4 SYSTEMPATH\CodeIgniter.php(507): CodeIgniter\CodeIgniter->runController(Object(App\Controllers\SuperheroController))
 5 SYSTEMPATH\CodeIgniter.php(354): CodeIgniter\CodeIgniter->handleRequest(null, Object(Config\Cache), false)
 6 SYSTEMPATH\Boot.php(363): CodeIgniter\CodeIgniter->run()
 7 SYSTEMPATH\Boot.php(68): CodeIgniter\Boot::runCodeIgniter(Object(CodeIgniter\CodeIgniter))
 8 FCPATH\index.php(59): CodeIgniter\Boot::bootWeb(Object(Config\Paths))
ERROR - 2025-09-19 22:26:39 --> Error connecting to the database: mysqli_sql_exception: Access denied for user 'root'@'localhost' (using password: YES) in C:\laragon\www\FiltrosHeroes\system\Database\MySQLi\Connection.php:201
Stack trace:
#0 C:\laragon\www\FiltrosHeroes\system\Database\MySQLi\Connection.php(201): mysqli->real_connect('localhost', 'root', Object(SensitiveParameterValue), 'superhero', 3306, '', 0)
#1 C:\laragon\www\FiltrosHeroes\system\Database\BaseConnection.php(419): CodeIgniter\Database\MySQLi\Connection->connect(false)
#2 C:\laragon\www\FiltrosHeroes\system\Database\BaseConnection.php(614): CodeIgniter\Database\BaseConnection->initialize()
#3 C:\laragon\www\FiltrosHeroes\app\Controllers\SuperheroController.php(19): CodeIgniter\Database\BaseConnection->query('SELECT id, IFNU...')
#4 C:\laragon\www\FiltrosHeroes\system\CodeIgniter.php(933): App\Controllers\SuperheroController->index()
#5 C:\laragon\www\FiltrosHeroes\system\CodeIgniter.php(507): CodeIgniter\CodeIgniter->runController(Object(App\Controllers\SuperheroController))
#6 C:\laragon\www\FiltrosHeroes\system\CodeIgniter.php(354): CodeIgniter\CodeIgniter->handleRequest(NULL, Object(Config\Cache), false)
#7 C:\laragon\www\FiltrosHeroes\system\Boot.php(363): CodeIgniter\CodeIgniter->run()
#8 C:\laragon\www\FiltrosHeroes\system\Boot.php(68): CodeIgniter\Boot::runCodeIgniter(Object(CodeIgniter\CodeIgniter))
#9 C:\laragon\www\FiltrosHeroes\public\index.php(59): CodeIgniter\Boot::bootWeb(Object(Config\Paths))
#10 {main}

Next CodeIgniter\Database\Exceptions\DatabaseException: Access denied for user '****'@'localhost' (using password: YES) in C:\laragon\www\FiltrosHeroes\system\Database\MySQLi\Connection.php:246
Stack trace:
#0 C:\laragon\www\FiltrosHeroes\system\Database\BaseConnection.php(419): CodeIgniter\Database\MySQLi\Connection->connect(false)
#1 C:\laragon\www\FiltrosHeroes\system\Database\BaseConnection.php(614): CodeIgniter\Database\BaseConnection->initialize()
#2 C:\laragon\www\FiltrosHeroes\app\Controllers\SuperheroController.php(19): CodeIgniter\Database\BaseConnection->query('SELECT id, IFNU...')
#3 C:\laragon\www\FiltrosHeroes\system\CodeIgniter.php(933): App\Controllers\SuperheroController->index()
#4 C:\laragon\www\FiltrosHeroes\system\CodeIgniter.php(507): CodeIgniter\CodeIgniter->runController(Object(App\Controllers\SuperheroController))
#5 C:\laragon\www\FiltrosHeroes\system\CodeIgniter.php(354): CodeIgniter\CodeIgniter->handleRequest(NULL, Object(Config\Cache), false)
#6 C:\laragon\www\FiltrosHeroes\system\Boot.php(363): CodeIgniter\CodeIgniter->run()
#7 C:\laragon\www\FiltrosHeroes\system\Boot.php(68): CodeIgniter\Boot::runCodeIgniter(Object(CodeIgniter\CodeIgniter))
#8 C:\laragon\www\FiltrosHeroes\public\index.php(59): CodeIgniter\Boot::bootWeb(Object(Config\Paths))
#9 {main}
CRITICAL - 2025-09-19 22:26:39 --> CodeIgniter\Database\Exceptions\DatabaseException: Unable to connect to the database.
Main connection [MySQLi]: Access denied for user '****'@'localhost' (using password: YES)
[Method: GET, Route: /]
in SYSTEMPATH\Database\BaseConnection.php on line 465.
 1 SYSTEMPATH\Database\BaseConnection.php(614): CodeIgniter\Database\BaseConnection->initialize()
 2 APPPATH\Controllers\SuperheroController.php(19): CodeIgniter\Database\BaseConnection->query('SELECT id, IFNULL(publisher_name, \'\') AS publisher_name FROM publisher')
 3 SYSTEMPATH\CodeIgniter.php(933): App\Controllers\SuperheroController->index()
 4 SYSTEMPATH\CodeIgniter.php(507): CodeIgniter\CodeIgniter->runController(Object(App\Controllers\SuperheroController))
 5 SYSTEMPATH\CodeIgniter.php(354): CodeIgniter\CodeIgniter->handleRequest(null, Object(Config\Cache), false)
 6 SYSTEMPATH\Boot.php(363): CodeIgniter\CodeIgniter->run()
 7 SYSTEMPATH\Boot.php(68): CodeIgniter\Boot::runCodeIgniter(Object(CodeIgniter\CodeIgniter))
 8 FCPATH\index.php(59): CodeIgniter\Boot::bootWeb(Object(Config\Paths))
ERROR - 2025-09-19 22:26:44 --> Error connecting to the database: mysqli_sql_exception: Access denied for user 'root'@'localhost' (using password: YES) in C:\laragon\www\FiltrosHeroes\system\Database\MySQLi\Connection.php:201
Stack trace:
#0 C:\laragon\www\FiltrosHeroes\system\Database\MySQLi\Connection.php(201): mysqli->real_connect('localhost', 'root', Object(SensitiveParameterValue), 'superhero', 3306, '', 0)
#1 C:\laragon\www\FiltrosHeroes\system\Database\BaseConnection.php(419): CodeIgniter\Database\MySQLi\Connection->connect(false)
#2 C:\laragon\www\FiltrosHeroes\system\Database\BaseConnection.php(614): CodeIgniter\Database\BaseConnection->initialize()
#3 C:\laragon\www\FiltrosHeroes\app\Controllers\SuperheroController.php(19): CodeIgniter\Database\BaseConnection->query('SELECT id, IFNU...')
#4 C:\laragon\www\FiltrosHeroes\system\CodeIgniter.php(933): App\Controllers\SuperheroController->index()
#5 C:\laragon\www\FiltrosHeroes\system\CodeIgniter.php(507): CodeIgniter\CodeIgniter->runController(Object(App\Controllers\SuperheroController))
#6 C:\laragon\www\FiltrosHeroes\system\CodeIgniter.php(354): CodeIgniter\CodeIgniter->handleRequest(NULL, Object(Config\Cache), false)
#7 C:\laragon\www\FiltrosHeroes\system\Boot.php(363): CodeIgniter\CodeIgniter->run()
#8 C:\laragon\www\FiltrosHeroes\system\Boot.php(68): CodeIgniter\Boot::runCodeIgniter(Object(CodeIgniter\CodeIgniter))
#9 C:\laragon\www\FiltrosHeroes\public\index.php(59): CodeIgniter\Boot::bootWeb(Object(Config\Paths))
#10 {main}

Next CodeIgniter\Database\Exceptions\DatabaseException: Access denied for user '****'@'localhost' (using password: YES) in C:\laragon\www\FiltrosHeroes\system\Database\MySQLi\Connection.php:246
Stack trace:
#0 C:\laragon\www\FiltrosHeroes\system\Database\BaseConnection.php(419): CodeIgniter\Database\MySQLi\Connection->connect(false)
#1 C:\laragon\www\FiltrosHeroes\system\Database\BaseConnection.php(614): CodeIgniter\Database\BaseConnection->initialize()
#2 C:\laragon\www\FiltrosHeroes\app\Controllers\SuperheroController.php(19): CodeIgniter\Database\BaseConnection->query('SELECT id, IFNU...')
#3 C:\laragon\www\FiltrosHeroes\system\CodeIgniter.php(933): App\Controllers\SuperheroController->index()
#4 C:\laragon\www\FiltrosHeroes\system\CodeIgniter.php(507): CodeIgniter\CodeIgniter->runController(Object(App\Controllers\SuperheroController))
#5 C:\laragon\www\FiltrosHeroes\system\CodeIgniter.php(354): CodeIgniter\CodeIgniter->handleRequest(NULL, Object(Config\Cache), false)
#6 C:\laragon\www\FiltrosHeroes\system\Boot.php(363): CodeIgniter\CodeIgniter->run()
#7 C:\laragon\www\FiltrosHeroes\system\Boot.php(68): CodeIgniter\Boot::runCodeIgniter(Object(CodeIgniter\CodeIgniter))
#8 C:\laragon\www\FiltrosHeroes\public\index.php(59): CodeIgniter\Boot::bootWeb(Object(Config\Paths))
#9 {main}
CRITICAL - 2025-09-19 22:26:44 --> CodeIgniter\Database\Exceptions\DatabaseException: Unable to connect to the database.
Main connection [MySQLi]: Access denied for user '****'@'localhost' (using password: YES)
[Method: GET, Route: /]
in SYSTEMPATH\Database\BaseConnection.php on line 465.
 1 SYSTEMPATH\Database\BaseConnection.php(614): CodeIgniter\Database\BaseConnection->initialize()
 2 APPPATH\Controllers\SuperheroController.php(19): CodeIgniter\Database\BaseConnection->query('SELECT id, IFNULL(publisher_name, \'\') AS publisher_name FROM publisher')
 3 SYSTEMPATH\CodeIgniter.php(933): App\Controllers\SuperheroController->index()
 4 SYSTEMPATH\CodeIgniter.php(507): CodeIgniter\CodeIgniter->runController(Object(App\Controllers\SuperheroController))
 5 SYSTEMPATH\CodeIgniter.php(354): CodeIgniter\CodeIgniter->handleRequest(null, Object(Config\Cache), false)
 6 SYSTEMPATH\Boot.php(363): CodeIgniter\CodeIgniter->run()
 7 SYSTEMPATH\Boot.php(68): CodeIgniter\Boot::runCodeIgniter(Object(CodeIgniter\CodeIgniter))
 8 FCPATH\index.php(59): CodeIgniter\Boot::bootWeb(Object(Config\Paths))
ERROR - 2025-09-19 22:27:15 --> Error connecting to the database: mysqli_sql_exception: Access denied for user 'root'@'localhost' (using password: YES) in C:\laragon\www\FiltrosHeroes\system\Database\MySQLi\Connection.php:201
Stack trace:
#0 C:\laragon\www\FiltrosHeroes\system\Database\MySQLi\Connection.php(201): mysqli->real_connect('localhost', 'root', Object(SensitiveParameterValue), 'superhero', 3306, '', 0)
#1 C:\laragon\www\FiltrosHeroes\system\Database\BaseConnection.php(419): CodeIgniter\Database\MySQLi\Connection->connect(false)
#2 C:\laragon\www\FiltrosHeroes\system\Database\BaseConnection.php(614): CodeIgniter\Database\BaseConnection->initialize()
#3 C:\laragon\www\FiltrosHeroes\app\Controllers\SuperheroController.php(19): CodeIgniter\Database\BaseConnection->query('SELECT id, IFNU...')
#4 C:\laragon\www\FiltrosHeroes\system\CodeIgniter.php(933): App\Controllers\SuperheroController->index()
#5 C:\laragon\www\FiltrosHeroes\system\CodeIgniter.php(507): CodeIgniter\CodeIgniter->runController(Object(App\Controllers\SuperheroController))
#6 C:\laragon\www\FiltrosHeroes\system\CodeIgniter.php(354): CodeIgniter\CodeIgniter->handleRequest(NULL, Object(Config\Cache), false)
#7 C:\laragon\www\FiltrosHeroes\system\Boot.php(363): CodeIgniter\CodeIgniter->run()
#8 C:\laragon\www\FiltrosHeroes\system\Boot.php(68): CodeIgniter\Boot::runCodeIgniter(Object(CodeIgniter\CodeIgniter))
#9 C:\laragon\www\FiltrosHeroes\public\index.php(59): CodeIgniter\Boot::bootWeb(Object(Config\Paths))
#10 {main}

Next CodeIgniter\Database\Exceptions\DatabaseException: Access denied for user '****'@'localhost' (using password: YES) in C:\laragon\www\FiltrosHeroes\system\Database\MySQLi\Connection.php:246
Stack trace:
#0 C:\laragon\www\FiltrosHeroes\system\Database\BaseConnection.php(419): CodeIgniter\Database\MySQLi\Connection->connect(false)
#1 C:\laragon\www\FiltrosHeroes\system\Database\BaseConnection.php(614): CodeIgniter\Database\BaseConnection->initialize()
#2 C:\laragon\www\FiltrosHeroes\app\Controllers\SuperheroController.php(19): CodeIgniter\Database\BaseConnection->query('SELECT id, IFNU...')
#3 C:\laragon\www\FiltrosHeroes\system\CodeIgniter.php(933): App\Controllers\SuperheroController->index()
#4 C:\laragon\www\FiltrosHeroes\system\CodeIgniter.php(507): CodeIgniter\CodeIgniter->runController(Object(App\Controllers\SuperheroController))
#5 C:\laragon\www\FiltrosHeroes\system\CodeIgniter.php(354): CodeIgniter\CodeIgniter->handleRequest(NULL, Object(Config\Cache), false)
#6 C:\laragon\www\FiltrosHeroes\system\Boot.php(363): CodeIgniter\CodeIgniter->run()
#7 C:\laragon\www\FiltrosHeroes\system\Boot.php(68): CodeIgniter\Boot::runCodeIgniter(Object(CodeIgniter\CodeIgniter))
#8 C:\laragon\www\FiltrosHeroes\public\index.php(59): CodeIgniter\Boot::bootWeb(Object(Config\Paths))
#9 {main}
CRITICAL - 2025-09-19 22:27:15 --> CodeIgniter\Database\Exceptions\DatabaseException: Unable to connect to the database.
Main connection [MySQLi]: Access denied for user '****'@'localhost' (using password: YES)
[Method: GET, Route: /]
in SYSTEMPATH\Database\BaseConnection.php on line 465.
 1 SYSTEMPATH\Database\BaseConnection.php(614): CodeIgniter\Database\BaseConnection->initialize()
 2 APPPATH\Controllers\SuperheroController.php(19): CodeIgniter\Database\BaseConnection->query('SELECT id, IFNULL(publisher_name, \'\') AS publisher_name FROM publisher')
 3 SYSTEMPATH\CodeIgniter.php(933): App\Controllers\SuperheroController->index()
 4 SYSTEMPATH\CodeIgniter.php(507): CodeIgniter\CodeIgniter->runController(Object(App\Controllers\SuperheroController))
 5 SYSTEMPATH\CodeIgniter.php(354): CodeIgniter\CodeIgniter->handleRequest(null, Object(Config\Cache), false)
 6 SYSTEMPATH\Boot.php(363): CodeIgniter\CodeIgniter->run()
 7 SYSTEMPATH\Boot.php(68): CodeIgniter\Boot::runCodeIgniter(Object(CodeIgniter\CodeIgniter))
 8 FCPATH\index.php(59): CodeIgniter\Boot::bootWeb(Object(Config\Paths))
ERROR - 2025-09-19 22:27:18 --> Error connecting to the database: mysqli_sql_exception: Access denied for user 'root'@'localhost' (using password: YES) in C:\laragon\www\FiltrosHeroes\system\Database\MySQLi\Connection.php:201
Stack trace:
#0 C:\laragon\www\FiltrosHeroes\system\Database\MySQLi\Connection.php(201): mysqli->real_connect('localhost', 'root', Object(SensitiveParameterValue), 'superhero', 3306, '', 0)
#1 C:\laragon\www\FiltrosHeroes\system\Database\BaseConnection.php(419): CodeIgniter\Database\MySQLi\Connection->connect(false)
#2 C:\laragon\www\FiltrosHeroes\system\Database\BaseConnection.php(614): CodeIgniter\Database\BaseConnection->initialize()
#3 C:\laragon\www\FiltrosHeroes\app\Controllers\SuperheroController.php(19): CodeIgniter\Database\BaseConnection->query('SELECT id, IFNU...')
#4 C:\laragon\www\FiltrosHeroes\system\CodeIgniter.php(933): App\Controllers\SuperheroController->index()
#5 C:\laragon\www\FiltrosHeroes\system\CodeIgniter.php(507): CodeIgniter\CodeIgniter->runController(Object(App\Controllers\SuperheroController))
#6 C:\laragon\www\FiltrosHeroes\system\CodeIgniter.php(354): CodeIgniter\CodeIgniter->handleRequest(NULL, Object(Config\Cache), false)
#7 C:\laragon\www\FiltrosHeroes\system\Boot.php(363): CodeIgniter\CodeIgniter->run()
#8 C:\laragon\www\FiltrosHeroes\system\Boot.php(68): CodeIgniter\Boot::runCodeIgniter(Object(CodeIgniter\CodeIgniter))
#9 C:\laragon\www\FiltrosHeroes\public\index.php(59): CodeIgniter\Boot::bootWeb(Object(Config\Paths))
#10 {main}

Next CodeIgniter\Database\Exceptions\DatabaseException: Access denied for user '****'@'localhost' (using password: YES) in C:\laragon\www\FiltrosHeroes\system\Database\MySQLi\Connection.php:246
Stack trace:
#0 C:\laragon\www\FiltrosHeroes\system\Database\BaseConnection.php(419): CodeIgniter\Database\MySQLi\Connection->connect(false)
#1 C:\laragon\www\FiltrosHeroes\system\Database\BaseConnection.php(614): CodeIgniter\Database\BaseConnection->initialize()
#2 C:\laragon\www\FiltrosHeroes\app\Controllers\SuperheroController.php(19): CodeIgniter\Database\BaseConnection->query('SELECT id, IFNU...')
#3 C:\laragon\www\FiltrosHeroes\system\CodeIgniter.php(933): App\Controllers\SuperheroController->index()
#4 C:\laragon\www\FiltrosHeroes\system\CodeIgniter.php(507): CodeIgniter\CodeIgniter->runController(Object(App\Controllers\SuperheroController))
#5 C:\laragon\www\FiltrosHeroes\system\CodeIgniter.php(354): CodeIgniter\CodeIgniter->handleRequest(NULL, Object(Config\Cache), false)
#6 C:\laragon\www\FiltrosHeroes\system\Boot.php(363): CodeIgniter\CodeIgniter->run()
#7 C:\laragon\www\FiltrosHeroes\system\Boot.php(68): CodeIgniter\Boot::runCodeIgniter(Object(CodeIgniter\CodeIgniter))
#8 C:\laragon\www\FiltrosHeroes\public\index.php(59): CodeIgniter\Boot::bootWeb(Object(Config\Paths))
#9 {main}
CRITICAL - 2025-09-19 22:27:18 --> CodeIgniter\Database\Exceptions\DatabaseException: Unable to connect to the database.
Main connection [MySQLi]: Access denied for user '****'@'localhost' (using password: YES)
[Method: GET, Route: /]
in SYSTEMPATH\Database\BaseConnection.php on line 465.
 1 SYSTEMPATH\Database\BaseConnection.php(614): CodeIgniter\Database\BaseConnection->initialize()
 2 APPPATH\Controllers\SuperheroController.php(19): CodeIgniter\Database\BaseConnection->query('SELECT id, IFNULL(publisher_name, \'\') AS publisher_name FROM publisher')
 3 SYSTEMPATH\CodeIgniter.php(933): App\Controllers\SuperheroController->index()
 4 SYSTEMPATH\CodeIgniter.php(507): CodeIgniter\CodeIgniter->runController(Object(App\Controllers\SuperheroController))
 5 SYSTEMPATH\CodeIgniter.php(354): CodeIgniter\CodeIgniter->handleRequest(null, Object(Config\Cache), false)
 6 SYSTEMPATH\Boot.php(363): CodeIgniter\CodeIgniter->run()
 7 SYSTEMPATH\Boot.php(68): CodeIgniter\Boot::runCodeIgniter(Object(CodeIgniter\CodeIgniter))
 8 FCPATH\index.php(59): CodeIgniter\Boot::bootWeb(Object(Config\Paths))
INFO - 2025-09-19 22:39:49 --> REDIRECTED ROUTE at https://filtrosherores.test/index.php/
ERROR - 2025-09-19 23:06:51 --> Error connecting to the database: mysqli_sql_exception: Access denied for user 'root'@'localhost' (using password: NO) in C:\laragon\www\filtrosheroes\system\Database\MySQLi\Connection.php:201
Stack trace:
#0 C:\laragon\www\filtrosheroes\system\Database\MySQLi\Connection.php(201): mysqli->real_connect('localhost', 'root', Object(SensitiveParameterValue), 'superhero', 3306, '', 0)
#1 C:\laragon\www\filtrosheroes\system\Database\BaseConnection.php(419): CodeIgniter\Database\MySQLi\Connection->connect(false)
#2 C:\laragon\www\filtrosheroes\system\Database\BaseConnection.php(614): CodeIgniter\Database\BaseConnection->initialize()
#3 C:\laragon\www\filtrosheroes\app\Controllers\SuperheroController.php(19): CodeIgniter\Database\BaseConnection->query('SELECT id, IFNU...')
#4 C:\laragon\www\filtrosheroes\system\CodeIgniter.php(933): App\Controllers\SuperheroController->index()
#5 C:\laragon\www\filtrosheroes\system\CodeIgniter.php(507): CodeIgniter\CodeIgniter->runController(Object(App\Controllers\SuperheroController))
#6 C:\laragon\www\filtrosheroes\system\CodeIgniter.php(354): CodeIgniter\CodeIgniter->handleRequest(NULL, Object(Config\Cache), false)
#7 C:\laragon\www\filtrosheroes\system\Boot.php(363): CodeIgniter\CodeIgniter->run()
#8 C:\laragon\www\filtrosheroes\system\Boot.php(68): CodeIgniter\Boot::runCodeIgniter(Object(CodeIgniter\CodeIgniter))
#9 C:\laragon\www\filtrosheroes\public\index.php(59): CodeIgniter\Boot::bootWeb(Object(Config\Paths))
#10 {main}

Next CodeIgniter\Database\Exceptions\DatabaseException: Access denied for user '****'@'localhost' (using password: NO) in C:\laragon\www\filtrosheroes\system\Database\MySQLi\Connection.php:246
Stack trace:
#0 C:\laragon\www\filtrosheroes\system\Database\BaseConnection.php(419): CodeIgniter\Database\MySQLi\Connection->connect(false)
#1 C:\laragon\www\filtrosheroes\system\Database\BaseConnection.php(614): CodeIgniter\Database\BaseConnection->initialize()
#2 C:\laragon\www\filtrosheroes\app\Controllers\SuperheroController.php(19): CodeIgniter\Database\BaseConnection->query('SELECT id, IFNU...')
#3 C:\laragon\www\filtrosheroes\system\CodeIgniter.php(933): App\Controllers\SuperheroController->index()
#4 C:\laragon\www\filtrosheroes\system\CodeIgniter.php(507): CodeIgniter\CodeIgniter->runController(Object(App\Controllers\SuperheroController))
#5 C:\laragon\www\filtrosheroes\system\CodeIgniter.php(354): CodeIgniter\CodeIgniter->handleRequest(NULL, Object(Config\Cache), false)
#6 C:\laragon\www\filtrosheroes\system\Boot.php(363): CodeIgniter\CodeIgniter->run()
#7 C:\laragon\www\filtrosheroes\system\Boot.php(68): CodeIgniter\Boot::runCodeIgniter(Object(CodeIgniter\CodeIgniter))
#8 C:\laragon\www\filtrosheroes\public\index.php(59): CodeIgniter\Boot::bootWeb(Object(Config\Paths))
#9 {main}
CRITICAL - 2025-09-19 23:06:51 --> CodeIgniter\Database\Exceptions\DatabaseException: Unable to connect to the database.
Main connection [MySQLi]: Access denied for user '****'@'localhost' (using password: NO)
[Method: GET, Route: /]
in SYSTEMPATH\Database\BaseConnection.php on line 465.
 1 SYSTEMPATH\Database\BaseConnection.php(614): CodeIgniter\Database\BaseConnection->initialize()
 2 APPPATH\Controllers\SuperheroController.php(19): CodeIgniter\Database\BaseConnection->query('SELECT id, IFNULL(publisher_name, \'\') AS publisher_name FROM publisher')
 3 SYSTEMPATH\CodeIgniter.php(933): App\Controllers\SuperheroController->index()
 4 SYSTEMPATH\CodeIgniter.php(507): CodeIgniter\CodeIgniter->runController(Object(App\Controllers\SuperheroController))
 5 SYSTEMPATH\CodeIgniter.php(354): CodeIgniter\CodeIgniter->handleRequest(null, Object(Config\Cache), false)
 6 SYSTEMPATH\Boot.php(363): CodeIgniter\CodeIgniter->run()
 7 SYSTEMPATH\Boot.php(68): CodeIgniter\Boot::runCodeIgniter(Object(CodeIgniter\CodeIgniter))
 8 FCPATH\index.php(59): CodeIgniter\Boot::bootWeb(Object(Config\Paths))
ERROR - 2025-09-19 23:07:16 --> Error connecting to the database: mysqli_sql_exception: Unknown database 'superhero' in C:\laragon\www\filtrosheroes\system\Database\MySQLi\Connection.php:201
Stack trace:
#0 C:\laragon\www\filtrosheroes\system\Database\MySQLi\Connection.php(201): mysqli->real_connect('localhost', 'root', Object(SensitiveParameterValue), 'superhero', 3306, '', 0)
#1 C:\laragon\www\filtrosheroes\system\Database\BaseConnection.php(419): CodeIgniter\Database\MySQLi\Connection->connect(false)
#2 C:\laragon\www\filtrosheroes\system\Database\BaseConnection.php(614): CodeIgniter\Database\BaseConnection->initialize()
#3 C:\laragon\www\filtrosheroes\app\Controllers\SuperheroController.php(19): CodeIgniter\Database\BaseConnection->query('SELECT id, IFNU...')
#4 C:\laragon\www\filtrosheroes\system\CodeIgniter.php(933): App\Controllers\SuperheroController->index()
#5 C:\laragon\www\filtrosheroes\system\CodeIgniter.php(507): CodeIgniter\CodeIgniter->runController(Object(App\Controllers\SuperheroController))
#6 C:\laragon\www\filtrosheroes\system\CodeIgniter.php(354): CodeIgniter\CodeIgniter->handleRequest(NULL, Object(Config\Cache), false)
#7 C:\laragon\www\filtrosheroes\system\Boot.php(363): CodeIgniter\CodeIgniter->run()
#8 C:\laragon\www\filtrosheroes\system\Boot.php(68): CodeIgniter\Boot::runCodeIgniter(Object(CodeIgniter\CodeIgniter))
#9 C:\laragon\www\filtrosheroes\public\index.php(59): CodeIgniter\Boot::bootWeb(Object(Config\Paths))
#10 {main}

Next CodeIgniter\Database\Exceptions\DatabaseException: Unknown database 'superhero' in C:\laragon\www\filtrosheroes\system\Database\MySQLi\Connection.php:246
Stack trace:
#0 C:\laragon\www\filtrosheroes\system\Database\BaseConnection.php(419): CodeIgniter\Database\MySQLi\Connection->connect(false)
#1 C:\laragon\www\filtrosheroes\system\Database\BaseConnection.php(614): CodeIgniter\Database\BaseConnection->initialize()
#2 C:\laragon\www\filtrosheroes\app\Controllers\SuperheroController.php(19): CodeIgniter\Database\BaseConnection->query('SELECT id, IFNU...')
#3 C:\laragon\www\filtrosheroes\system\CodeIgniter.php(933): App\Controllers\SuperheroController->index()
#4 C:\laragon\www\filtrosheroes\system\CodeIgniter.php(507): CodeIgniter\CodeIgniter->runController(Object(App\Controllers\SuperheroController))
#5 C:\laragon\www\filtrosheroes\system\CodeIgniter.php(354): CodeIgniter\CodeIgniter->handleRequest(NULL, Object(Config\Cache), false)
#6 C:\laragon\www\filtrosheroes\system\Boot.php(363): CodeIgniter\CodeIgniter->run()
#7 C:\laragon\www\filtrosheroes\system\Boot.php(68): CodeIgniter\Boot::runCodeIgniter(Object(CodeIgniter\CodeIgniter))
#8 C:\laragon\www\filtrosheroes\public\index.php(59): CodeIgniter\Boot::bootWeb(Object(Config\Paths))
#9 {main}
CRITICAL - 2025-09-19 23:07:16 --> CodeIgniter\Database\Exceptions\DatabaseException: Unable to connect to the database.
Main connection [MySQLi]: Unknown database 'superhero'
[Method: GET, Route: /]
in SYSTEMPATH\Database\BaseConnection.php on line 465.
 1 SYSTEMPATH\Database\BaseConnection.php(614): CodeIgniter\Database\BaseConnection->initialize()
 2 APPPATH\Controllers\SuperheroController.php(19): CodeIgniter\Database\BaseConnection->query('SELECT id, IFNULL(publisher_name, \'\') AS publisher_name FROM publisher')
 3 SYSTEMPATH\CodeIgniter.php(933): App\Controllers\SuperheroController->index()
 4 SYSTEMPATH\CodeIgniter.php(507): CodeIgniter\CodeIgniter->runController(Object(App\Controllers\SuperheroController))
 5 SYSTEMPATH\CodeIgniter.php(354): CodeIgniter\CodeIgniter->handleRequest(null, Object(Config\Cache), false)
 6 SYSTEMPATH\Boot.php(363): CodeIgniter\CodeIgniter->run()
 7 SYSTEMPATH\Boot.php(68): CodeIgniter\Boot::runCodeIgniter(Object(CodeIgniter\CodeIgniter))
 8 FCPATH\index.php(59): CodeIgniter\Boot::bootWeb(Object(Config\Paths))
CRITICAL - 2025-09-19 23:26:11 --> Error: Class "Spipu\Html2Pdf\Html2Pdf" not found
[Method: GET, Route: superheroes/exportPdf/7]
in APPPATH\Controllers\SuperheroeController.php on line 61.
 1 SYSTEMPATH\CodeIgniter.php(933): App\Controllers\SuperheroeController->exportPdf('7')
 2 SYSTEMPATH\CodeIgniter.php(507): CodeIgniter\CodeIgniter->runController(Object(App\Controllers\SuperheroeController))
 3 SYSTEMPATH\CodeIgniter.php(354): CodeIgniter\CodeIgniter->handleRequest(null, Object(Config\Cache), false)
 4 SYSTEMPATH\Boot.php(363): CodeIgniter\CodeIgniter->run()
 5 SYSTEMPATH\Boot.php(68): CodeIgniter\Boot::runCodeIgniter(Object(CodeIgniter\CodeIgniter))
 6 FCPATH\index.php(59): CodeIgniter\Boot::bootWeb(Object(Config\Paths))
